int : -1
id: 0
; : -1
id: 0
= : -1
id: 1
; : -1
id: 0
= : -1
id: 2
; : -1
id: 0
= : -1
id: 3
; : -1
id: 0
= : -1
id: 4
; : -1
id: 0
= : -1
id: 5
; : -1
id: 0
= : -1
id: 6
; : -1
read : -1
( : -1
id: 0
) : -1
; : -1
int : -1
id: 7
; : -1
id: 7
= : -1
id: 8
; : -1
int : -1
id: 9
; : -1
id: 9
= : -1
id: 8
; : -1
int : -1
id: 10
; : -1
while : -1
( : -1
id: 9
< : -1
id: 0
) : -1
{ : -1
read : -1
( : -1
id: 10
) : -1
; : -1
id: 7
= : -1
id: 7
+ : -1
id: 10
; : -1
id: 9
= : -1
id: 9
+ : -1
id: 11
; : -1
} : -1
write : -1
( : -1
id: 12
, : -1
id: 7
) : -1
; : -1
write : -1
( : -1
id: 13
, : -1
id: 7
) : -1
; : -1
write : -1
( : -1
id: 14
, : -1
id: 7
) : -1
; : -1
write : -1
( : -1
id: 15
, : -1
id: 7
) : -1
; : -1
