The number of partitions of a set with 5 elements is 52
The partitions, and their equivalence relations, are: 
{(a[1]), (a[2]), (a[3]), (a[4]), (a[5])} -> {(a[1], a[1]), (a[2], a[2]), (a[3], a[3]), (a[4], a[4]), (a[5], a[5])}
{(a[1]), (a[2]), (a[3]), (a[4], a[5])} -> {(a[1], a[1]), (a[2], a[2]), (a[3], a[3]), (a[4], a[4]), (a[4], a[5]), (a[5], a[4]), (a[5], a[5])}
{(a[1]), (a[2]), (a[3], a[4]), (a[5])} -> {(a[1], a[1]), (a[2], a[2]), (a[3], a[3]), (a[3], a[4]), (a[4], a[3]), (a[4], a[4]), (a[5], a[5])}
{(a[1]), (a[2]), (a[3], a[4], a[5])} -> {(a[1], a[1]), (a[2], a[2]), (a[3], a[3]), (a[3], a[4]), (a[3], a[5]), (a[4], a[3]), (a[4], a[4]), (a[4], a[5]), (a[5], a[3]), (a[5], a[4]), (a[5], a[5])}
{(a[1]), (a[2]), (a[3], a[5]), (a[4])} -> {(a[1], a[1]), (a[2], a[2]), (a[3], a[3]), (a[3], a[5]), (a[4], a[4]), (a[5], a[3]), (a[5], a[5])}
{(a[1]), (a[2], a[3]), (a[4]), (a[5])} -> {(a[1], a[1]), (a[2], a[2]), (a[2], a[3]), (a[3], a[2]), (a[3], a[3]), (a[4], a[4]), (a[5], a[5])}
{(a[1]), (a[2], a[3]), (a[4], a[5])} -> {(a[1], a[1]), (a[2], a[2]), (a[2], a[3]), (a[3], a[2]), (a[3], a[3]), (a[4], a[4]), (a[4], a[5]), (a[5], a[4]), (a[5], a[5])}
{(a[1]), (a[2], a[3], a[4]), (a[5])} -> {(a[1], a[1]), (a[2], a[2]), (a[2], a[3]), (a[2], a[4]), (a[3], a[2]), (a[3], a[3]), (a[3], a[4]), (a[4], a[2]), (a[4], a[3]), (a[4], a[4]), (a[5], a[5])}
{(a[1]), (a[2], a[3], a[4], a[5])} -> {(a[1], a[1]), (a[2], a[2]), (a[2], a[3]), (a[2], a[4]), (a[2], a[5]), (a[3], a[2]), (a[3], a[3]), (a[3], a[4]), (a[3], a[5]), (a[4], a[2]), (a[4], a[3]), (a[4], a[4]), (a[4], a[5]), (a[5], a[2]), (a[5], a[3]), (a[5], a[4]), (a[5], a[5])}
{(a[1]), (a[2], a[3], a[5]), (a[4])} -> {(a[1], a[1]), (a[2], a[2]), (a[2], a[3]), (a[2], a[5]), (a[3], a[2]), (a[3], a[3]), (a[3], a[5]), (a[4], a[4]), (a[5], a[2]), (a[5], a[3]), (a[5], a[5])}
{(a[1]), (a[2], a[4]), (a[3]), (a[5])} -> {(a[1], a[1]), (a[2], a[2]), (a[2], a[4]), (a[3], a[3]), (a[4], a[2]), (a[4], a[4]), (a[5], a[5])}
{(a[1]), (a[2], a[4]), (a[3], a[5])} -> {(a[1], a[1]), (a[2], a[2]), (a[2], a[4]), (a[3], a[3]), (a[3], a[5]), (a[4], a[2]), (a[4], a[4]), (a[5], a[3]), (a[5], a[5])}
{(a[1]), (a[2], a[4], a[5]), (a[3])} -> {(a[1], a[1]), (a[2], a[2]), (a[2], a[4]), (a[2], a[5]), (a[3], a[3]), (a[4], a[2]), (a[4], a[4]), (a[4], a[5]), (a[5], a[2]), (a[5], a[4]), (a[5], a[5])}
{(a[1]), (a[2], a[5]), (a[3]), (a[4])} -> {(a[1], a[1]), (a[2], a[2]), (a[2], a[5]), (a[3], a[3]), (a[4], a[4]), (a[5], a[2]), (a[5], a[5])}
{(a[1]), (a[2], a[5]), (a[3], a[4])} -> {(a[1], a[1]), (a[2], a[2]), (a[2], a[5]), (a[3], a[3]), (a[3], a[4]), (a[4], a[3]), (a[4], a[4]), (a[5], a[2]), (a[5], a[5])}
{(a[1], a[2]), (a[3]), (a[4]), (a[5])} -> {(a[1], a[1]), (a[1], a[2]), (a[2], a[1]), (a[2], a[2]), (a[3], a[3]), (a[4], a[4]), (a[5], a[5])}
{(a[1], a[2]), (a[3]), (a[4], a[5])} -> {(a[1], a[1]), (a[1], a[2]), (a[2], a[1]), (a[2], a[2]), (a[3], a[3]), (a[4], a[4]), (a[4], a[5]), (a[5], a[4]), (a[5], a[5])}
{(a[1], a[2]), (a[3], a[4]), (a[5])} -> {(a[1], a[1]), (a[1], a[2]), (a[2], a[1]), (a[2], a[2]), (a[3], a[3]), (a[3], a[4]), (a[4], a[3]), (a[4], a[4]), (a[5], a[5])}
{(a[1], a[2]), (a[3], a[4], a[5])} -> {(a[1], a[1]), (a[1], a[2]), (a[2], a[1]), (a[2], a[2]), (a[3], a[3]), (a[3], a[4]), (a[3], a[5]), (a[4], a[3]), (a[4], a[4]), (a[4], a[5]), (a[5], a[3]), (a[5], a[4]), (a[5], a[5])}
{(a[1], a[2]), (a[3], a[5]), (a[4])} -> {(a[1], a[1]), (a[1], a[2]), (a[2], a[1]), (a[2], a[2]), (a[3], a[3]), (a[3], a[5]), (a[4], a[4]), (a[5], a[3]), (a[5], a[5])}
{(a[1], a[2], a[3]), (a[4]), (a[5])} -> {(a[1], a[1]), (a[1], a[2]), (a[1], a[3]), (a[2], a[1]), (a[2], a[2]), (a[2], a[3]), (a[3], a[1]), (a[3], a[2]), (a[3], a[3]), (a[4], a[4]), (a[5], a[5])}
{(a[1], a[2], a[3]), (a[4], a[5])} -> {(a[1], a[1]), (a[1], a[2]), (a[1], a[3]), (a[2], a[1]), (a[2], a[2]), (a[2], a[3]), (a[3], a[1]), (a[3], a[2]), (a[3], a[3]), (a[4], a[4]), (a[4], a[5]), (a[5], a[4]), (a[5], a[5])}
{(a[1], a[2], a[3], a[4]), (a[5])} -> {(a[1], a[1]), (a[1], a[2]), (a[1], a[3]), (a[1], a[4]), (a[2], a[1]), (a[2], a[2]), (a[2], a[3]), (a[2], a[4]), (a[3], a[1]), (a[3], a[2]), (a[3], a[3]), (a[3], a[4]), (a[4], a[1]), (a[4], a[2]), (a[4], a[3]), (a[4], a[4]), (a[5], a[5])}
{(a[1], a[2], a[3], a[4], a[5])} -> {(a[1], a[1]), (a[1], a[2]), (a[1], a[3]), (a[1], a[4]), (a[1], a[5]), (a[2], a[1]), (a[2], a[2]), (a[2], a[3]), (a[2], a[4]), (a[2], a[5]), (a[3], a[1]), (a[3], a[2]), (a[3], a[3]), (a[3], a[4]), (a[3], a[5]), (a[4], a[1]), (a[4], a[2]), (a[4], a[3]), (a[4], a[4]), (a[4], a[5]), (a[5], a[1]), (a[5], a[2]), (a[5], a[3]), (a[5], a[4]), (a[5], a[5])}
{(a[1], a[2], a[3], a[5]), (a[4])} -> {(a[1], a[1]), (a[1], a[2]), (a[1], a[3]), (a[1], a[5]), (a[2], a[1]), (a[2], a[2]), (a[2], a[3]), (a[2], a[5]), (a[3], a[1]), (a[3], a[2]), (a[3], a[3]), (a[3], a[5]), (a[4], a[4]), (a[5], a[1]), (a[5], a[2]), (a[5], a[3]), (a[5], a[5])}
{(a[1], a[2], a[4]), (a[3]), (a[5])} -> {(a[1], a[1]), (a[1], a[2]), (a[1], a[4]), (a[2], a[1]), (a[2], a[2]), (a[2], a[4]), (a[3], a[3]), (a[4], a[1]), (a[4], a[2]), (a[4], a[4]), (a[5], a[5])}
{(a[1], a[2], a[4]), (a[3], a[5])} -> {(a[1], a[1]), (a[1], a[2]), (a[1], a[4]), (a[2], a[1]), (a[2], a[2]), (a[2], a[4]), (a[3], a[3]), (a[3], a[5]), (a[4], a[1]), (a[4], a[2]), (a[4], a[4]), (a[5], a[3]), (a[5], a[5])}
{(a[1], a[2], a[4], a[5]), (a[3])} -> {(a[1], a[1]), (a[1], a[2]), (a[1], a[4]), (a[1], a[5]), (a[2], a[1]), (a[2], a[2]), (a[2], a[4]), (a[2], a[5]), (a[3], a[3]), (a[4], a[1]), (a[4], a[2]), (a[4], a[4]), (a[4], a[5]), (a[5], a[1]), (a[5], a[2]), (a[5], a[4]), (a[5], a[5])}
{(a[1], a[2], a[5]), (a[3]), (a[4])} -> {(a[1], a[1]), (a[1], a[2]), (a[1], a[5]), (a[2], a[1]), (a[2], a[2]), (a[2], a[5]), (a[3], a[3]), (a[4], a[4]), (a[5], a[1]), (a[5], a[2]), (a[5], a[5])}
{(a[1], a[2], a[5]), (a[3], a[4])} -> {(a[1], a[1]), (a[1], a[2]), (a[1], a[5]), (a[2], a[1]), (a[2], a[2]), (a[2], a[5]), (a[3], a[3]), (a[3], a[4]), (a[4], a[3]), (a[4], a[4]), (a[5], a[1]), (a[5], a[2]), (a[5], a[5])}
{(a[1], a[3]), (a[2]), (a[4]), (a[5])} -> {(a[1], a[1]), (a[1], a[3]), (a[2], a[2]), (a[3], a[1]), (a[3], a[3]), (a[4], a[4]), (a[5], a[5])}
{(a[1], a[3]), (a[2]), (a[4], a[5])} -> {(a[1], a[1]), (a[1], a[3]), (a[2], a[2]), (a[3], a[1]), (a[3], a[3]), (a[4], a[4]), (a[4], a[5]), (a[5], a[4]), (a[5], a[5])}
{(a[1], a[3]), (a[2], a[4]), (a[5])} -> {(a[1], a[1]), (a[1], a[3]), (a[2], a[2]), (a[2], a[4]), (a[3], a[1]), (a[3], a[3]), (a[4], a[2]), (a[4], a[4]), (a[5], a[5])}
{(a[1], a[3]), (a[2], a[4], a[5])} -> {(a[1], a[1]), (a[1], a[3]), (a[2], a[2]), (a[2], a[4]), (a[2], a[5]), (a[3], a[1]), (a[3], a[3]), (a[4], a[2]), (a[4], a[4]), (a[4], a[5]), (a[5], a[2]), (a[5], a[4]), (a[5], a[5])}
{(a[1], a[3]), (a[2], a[5]), (a[4])} -> {(a[1], a[1]), (a[1], a[3]), (a[2], a[2]), (a[2], a[5]), (a[3], a[1]), (a[3], a[3]), (a[4], a[4]), (a[5], a[2]), (a[5], a[5])}
{(a[1], a[3], a[4]), (a[2]), (a[5])} -> {(a[1], a[1]), (a[1], a[3]), (a[1], a[4]), (a[2], a[2]), (a[3], a[1]), (a[3], a[3]), (a[3], a[4]), (a[4], a[1]), (a[4], a[3]), (a[4], a[4]), (a[5], a[5])}
{(a[1], a[3], a[4]), (a[2], a[5])} -> {(a[1], a[1]), (a[1], a[3]), (a[1], a[4]), (a[2], a[2]), (a[2], a[5]), (a[3], a[1]), (a[3], a[3]), (a[3], a[4]), (a[4], a[1]), (a[4], a[3]), (a[4], a[4]), (a[5], a[2]), (a[5], a[5])}
{(a[1], a[3], a[4], a[5]), (a[2])} -> {(a[1], a[1]), (a[1], a[3]), (a[1], a[4]), (a[1], a[5]), (a[2], a[2]), (a[3], a[1]), (a[3], a[3]), (a[3], a[4]), (a[3], a[5]), (a[4], a[1]), (a[4], a[3]), (a[4], a[4]), (a[4], a[5]), (a[5], a[1]), (a[5], a[3]), (a[5], a[4]), (a[5], a[5])}
{(a[1], a[3], a[5]), (a[2]), (a[4])} -> {(a[1], a[1]), (a[1], a[3]), (a[1], a[5]), (a[2], a[2]), (a[3], a[1]), (a[3], a[3]), (a[3], a[5]), (a[4], a[4]), (a[5], a[1]), (a[5], a[3]), (a[5], a[5])}
{(a[1], a[3], a[5]), (a[2], a[4])} -> {(a[1], a[1]), (a[1], a[3]), (a[1], a[5]), (a[2], a[2]), (a[2], a[4]), (a[3], a[1]), (a[3], a[3]), (a[3], a[5]), (a[4], a[2]), (a[4], a[4]), (a[5], a[1]), (a[5], a[3]), (a[5], a[5])}
{(a[1], a[4]), (a[2]), (a[3]), (a[5])} -> {(a[1], a[1]), (a[1], a[4]), (a[2], a[2]), (a[3], a[3]), (a[4], a[1]), (a[4], a[4]), (a[5], a[5])}
{(a[1], a[4]), (a[2]), (a[3], a[5])} -> {(a[1], a[1]), (a[1], a[4]), (a[2], a[2]), (a[3], a[3]), (a[3], a[5]), (a[4], a[1]), (a[4], a[4]), (a[5], a[3]), (a[5], a[5])}
{(a[1], a[4]), (a[2], a[3]), (a[5])} -> {(a[1], a[1]), (a[1], a[4]), (a[2], a[2]), (a[2], a[3]), (a[3], a[2]), (a[3], a[3]), (a[4], a[1]), (a[4], a[4]), (a[5], a[5])}
{(a[1], a[4]), (a[2], a[3], a[5])} -> {(a[1], a[1]), (a[1], a[4]), (a[2], a[2]), (a[2], a[3]), (a[2], a[5]), (a[3], a[2]), (a[3], a[3]), (a[3], a[5]), (a[4], a[1]), (a[4], a[4]), (a[5], a[2]), (a[5], a[3]), (a[5], a[5])}
{(a[1], a[4]), (a[2], a[5]), (a[3])} -> {(a[1], a[1]), (a[1], a[4]), (a[2], a[2]), (a[2], a[5]), (a[3], a[3]), (a[4], a[1]), (a[4], a[4]), (a[5], a[2]), (a[5], a[5])}
{(a[1], a[4], a[5]), (a[2]), (a[3])} -> {(a[1], a[1]), (a[1], a[4]), (a[1], a[5]), (a[2], a[2]), (a[3], a[3]), (a[4], a[1]), (a[4], a[4]), (a[4], a[5]), (a[5], a[1]), (a[5], a[4]), (a[5], a[5])}
{(a[1], a[4], a[5]), (a[2], a[3])} -> {(a[1], a[1]), (a[1], a[4]), (a[1], a[5]), (a[2], a[2]), (a[2], a[3]), (a[3], a[2]), (a[3], a[3]), (a[4], a[1]), (a[4], a[4]), (a[4], a[5]), (a[5], a[1]), (a[5], a[4]), (a[5], a[5])}
{(a[1], a[5]), (a[2]), (a[3]), (a[4])} -> {(a[1], a[1]), (a[1], a[5]), (a[2], a[2]), (a[3], a[3]), (a[4], a[4]), (a[5], a[1]), (a[5], a[5])}
{(a[1], a[5]), (a[2]), (a[3], a[4])} -> {(a[1], a[1]), (a[1], a[5]), (a[2], a[2]), (a[3], a[3]), (a[3], a[4]), (a[4], a[3]), (a[4], a[4]), (a[5], a[1]), (a[5], a[5])}
{(a[1], a[5]), (a[2], a[3]), (a[4])} -> {(a[1], a[1]), (a[1], a[5]), (a[2], a[2]), (a[2], a[3]), (a[3], a[2]), (a[3], a[3]), (a[4], a[4]), (a[5], a[1]), (a[5], a[5])}
{(a[1], a[5]), (a[2], a[3], a[4])} -> {(a[1], a[1]), (a[1], a[5]), (a[2], a[2]), (a[2], a[3]), (a[2], a[4]), (a[3], a[2]), (a[3], a[3]), (a[3], a[4]), (a[4], a[2]), (a[4], a[3]), (a[4], a[4]), (a[5], a[1]), (a[5], a[5])}
{(a[1], a[5]), (a[2], a[4]), (a[3])} -> {(a[1], a[1]), (a[1], a[5]), (a[2], a[2]), (a[2], a[4]), (a[3], a[3]), (a[4], a[2]), (a[4], a[4]), (a[5], a[1]), (a[5], a[5])}
